string.pyc
weakref.pyc
sets.pyc
encodings/aliases.pyc
encodings/ascii.pyc
encodings/__init__.pyc
linecache.pyc
types.pyc
_strptime.pyc
sre.pyc
sre_constants.pyc
codeop.pyc
StringIO.pyc
os.pyc
code.pyc
UserDict.pyc
gzip.pyc
socket.pyc
textwrap.pyc
posixfile.pyc
re.pyc
stat.pyc
codecs.pyc
bisect.pyc
warnings.pyc
random.pyc
sre_compile.pyc
sre_parse.pyc
traceback.pyc
tty.pyc
posixpath.pyc
base64.pyc
pprint.pyc
atexit.pyc
copy_reg.pyc
getopt.pyc
struct.pyc
trace.pyc
optparse.pyc
copy.pyc
__future__.pyc
weakref.pyc
gettext.pyc
locale.pyc

