string.pyo
weakref.pyo
sets.pyo
encodings/aliases.pyo
encodings/ascii.pyo
encodings/__init__.pyo
linecache.pyo
types.pyo
_strptime.pyo
sre.pyo
sre_constants.pyo
codeop.pyo
StringIO.pyo
os.pyo
code.pyo
UserDict.pyo
_abcoll.pyo
functools.pyo
abc.pyo
gzip.pyo
socket.pyo
textwrap.pyo
posixfile.pyo
re.pyo
stat.pyo
codecs.pyo
bisect.pyo
warnings.pyo
random.pyo
sre_compile.pyo
sre_parse.pyo
traceback.pyo
tty.pyo
posixpath.pyo
genericpath.pyo
base64.pyo
pprint.pyo
atexit.pyo
copy_reg.pyo
getopt.pyo
struct.pyo
trace.pyo
optparse.pyo
copy.pyo
__future__.pyo
weakref.pyo
gettext.pyo
locale.pyo
_weakrefset.pyo

