abc.py
argparse.py
base64.py
bisect.py
codecs.py
codeop.py
code.py
_collections_abc.py
collections/abc.py
collections/__init__.py
contextlib.py
copy.py
copyreg.py
datetime.py
encodings/aliases.py
encodings/ascii.py
encodings/cp437.py
encodings/__init__.py
encodings/latin_1.py
encodings/utf_8.py
enum.py
fnmatch.py
functools.py
__future__.py
genericpath.py
getopt.py
gettext.py
gzip.py
heapq.py
importlib/__init__.py
io.py
keyword.py
linecache.py
locale.py
ntpath.py
operator.py
optparse.py
os.py
pathlib.py
posixpath.py
pprint.py
random.py
reprlib.py
re.py
selectors.py
signal.py
socket.py
sre_compile.py
sre_constants.py
sre_parse.py
stat.py
string.py
_strptime.py
struct.py
textwrap.py
tokenize.py
token.py
traceback.py
trace.py
tty.py
types.py
urllib/parse.py
warnings.py
weakref.py
weakref.py
_weakrefset.py
