abc.py
argparse.py
base64.py
bisect.py
codecs.py
codeop.py
code.py
_collections_abc.py
collections/abc.py
collections/__init__.py
contextlib.py
copy.py
copyreg.py
cProfile.py
datetime.py
encodings/aliases.py
encodings/ascii.py
encodings/cp437.py
encodings/__init__.py
encodings/latin_1.py
encodings/utf_8.py
enum.py
fnmatch.py
functools.py
__future__.py
genericpath.py
getopt.py
gettext.py
gzip.py
heapq.py
importlib/__init__.py
importlib/abc.py
importlib/machinery.py
importlib/util.py
io.py
keyword.py
linecache.py
locale.py
ntpath.py
operator.py
optparse.py
os.py
pathlib.py
pkgutil.py
posixpath.py
pprint.py
profile.py
pstats.py
random.py
reprlib.py
re.py
runpy.py
selectors.py
signal.py
socket.py
sre_compile.py
sre_constants.py
sre_parse.py
stat.py
string.py
_strptime.py
struct.py
textwrap.py
tokenize.py
token.py
traceback.py
trace.py
tty.py
types.py
urllib/error.py
urllib/__init__.py
urllib/parse.py
urllib/request.py
urllib/response.py
urllib/robotparser.py
warnings.py
weakref.py
weakref.py
_weakrefset.py
